<?xml version="1.0" encoding="UTF-8"?>
<!-- Generated by org.testng.reporters.JUnitXMLReporter -->
<testsuite hostname="Computer" ignored="0" name="Surefire test" tests="3" failures="0" timestamp="2023-04-05T22:29:34 IST" time="53.361" errors="0">
  <testcase name="logoPresence" time="0.545" classname="allureReports.Tests"/>
  <testcase name="loginTest" time="3.792" classname="allureReports.Tests"/>
  <testcase name="registerationTest" time="0.028" classname="allureReports.Tests">
    <skipped/>
  </testcase> <!-- registerationTest -->
</testsuite> <!-- Surefire test -->
