<?xml version="1.0" encoding="UTF-8"?>
<!-- Generated by org.testng.reporters.JUnitXMLReporter -->
<testsuite ignored="0" hostname="Computer" failures="0" tests="3" name="Default test" time="57.532" errors="0" timestamp="2023-04-02T21:42:12 IST">
  <testcase classname="allureReports.Tests" name="logoPresence" time="0.537"/>
  <testcase classname="allureReports.Tests" name="loginTest" time="2.775"/>
  <testcase classname="allureReports.Tests" name="registerationTest" time="0.03">
    <skipped/>
  </testcase> <!-- registerationTest -->
</testsuite> <!-- Default test -->
