<?xml version="1.0" encoding="UTF-8"?>
<!-- Generated by org.testng.reporters.JUnitXMLReporter -->
<testsuite ignored="0" hostname="Computer" failures="0" tests="3" name="Test" time="108.219" errors="0" timestamp="2023-04-04T20:39:29 IST">
  <testcase classname="allureReports.Tests" name="logoPresence" time="0.692"/>
  <testcase classname="allureReports.Tests" name="loginTest" time="7.215"/>
  <testcase classname="allureReports.Tests" name="registerationTest" time="0.018">
    <skipped/>
  </testcase> <!-- registerationTest -->
</testsuite> <!-- Test -->
