<?xml version="1.0" encoding="UTF-8"?>
<testng-results ignored="0" total="3" passed="2" failed="0" skipped="1">
  <reporter-output>
  </reporter-output>
  <suite started-at="2023-04-04T20:37:40 IST" name="Suite" finished-at="2023-04-04T20:39:28 IST" duration-ms="108219">
    <groups>
    </groups>
    <test started-at="2023-04-04T20:37:40 IST" name="Test" finished-at="2023-04-04T20:39:28 IST" duration-ms="108219">
      <class name="allureReports.Tests">
        <test-method is-config="true" signature="setUp()[pri:0, instance:allureReports.Tests@3146bc]" started-at="2023-04-04T20:37:40 IST" name="setUp" finished-at="2023-04-04T20:39:19 IST" duration-ms="98647" status="PASS">
          <reporter-output>
          </reporter-output>
        </test-method> <!-- setUp -->
        <test-method signature="logoPresence()[pri:1, instance:allureReports.Tests@3146bc]" started-at="2023-04-04T20:39:19 IST" name="logoPresence" description="Verify logo" finished-at="2023-04-04T20:39:20 IST" duration-ms="692" status="PASS">
          <reporter-output>
          </reporter-output>
        </test-method> <!-- logoPresence -->
        <test-method signature="loginTest()[pri:2, instance:allureReports.Tests@3146bc]" started-at="2023-04-04T20:39:21 IST" name="loginTest" description="Verify login" finished-at="2023-04-04T20:39:28 IST" duration-ms="7215" status="PASS">
          <reporter-output>
          </reporter-output>
        </test-method> <!-- loginTest -->
        <test-method signature="registerationTest()[pri:3, instance:allureReports.Tests@3146bc]" started-at="2023-04-04T20:39:28 IST" name="registerationTest" finished-at="2023-04-04T20:39:28 IST" duration-ms="18" status="SKIP">
          <exception class="org.testng.SkipException">
            <message>
              <![CDATA[Skipping this Test]]>
            </message>
            <full-stacktrace>
              <![CDATA[org.testng.SkipException: Skipping this Test
at allureReports.Tests.registerationTest(Tests.java:72)
at java.base/jdk.internal.reflect.NativeMethodAccessorImpl.invoke0(Native Method)
at java.base/jdk.internal.reflect.NativeMethodAccessorImpl.invoke(NativeMethodAccessorImpl.java:77)
at java.base/jdk.internal.reflect.DelegatingMethodAccessorImpl.invoke(DelegatingMethodAccessorImpl.java:43)
at java.base/java.lang.reflect.Method.invoke(Method.java:568)
at org.testng.internal.MethodInvocationHelper.invokeMethod(MethodInvocationHelper.java:133)
at org.testng.internal.TestInvoker.invokeMethod(TestInvoker.java:598)
at org.testng.internal.TestInvoker.invokeTestMethod(TestInvoker.java:173)
at org.testng.internal.MethodRunner.runInSequence(MethodRunner.java:46)
at org.testng.internal.TestInvoker$MethodInvocationAgent.invoke(TestInvoker.java:824)
at org.testng.internal.TestInvoker.invokeTestMethods(TestInvoker.java:146)
at org.testng.internal.TestMethodWorker.invokeTestMethods(TestMethodWorker.java:146)
at org.testng.internal.TestMethodWorker.run(TestMethodWorker.java:128)
at java.base/java.util.ArrayList.forEach(ArrayList.java:1511)
at org.testng.TestRunner.privateRun(TestRunner.java:794)
at org.testng.TestRunner.run(TestRunner.java:596)
at org.testng.SuiteRunner.runTest(SuiteRunner.java:377)
at org.testng.SuiteRunner.runSequentially(SuiteRunner.java:371)
at org.testng.SuiteRunner.privateRun(SuiteRunner.java:332)
at org.testng.SuiteRunner.run(SuiteRunner.java:276)
at org.testng.SuiteRunnerWorker.runSuite(SuiteRunnerWorker.java:53)
at org.testng.SuiteRunnerWorker.run(SuiteRunnerWorker.java:96)
at org.testng.TestNG.runSuitesSequentially(TestNG.java:1212)
at org.testng.TestNG.runSuitesLocally(TestNG.java:1134)
at org.testng.TestNG.runSuites(TestNG.java:1063)
at org.testng.TestNG.run(TestNG.java:1031)
at org.testng.remote.AbstractRemoteTestNG.run(AbstractRemoteTestNG.java:115)
at org.testng.remote.RemoteTestNG.initAndRun(RemoteTestNG.java:251)
at org.testng.remote.RemoteTestNG.main(RemoteTestNG.java:77)
]]>
            </full-stacktrace>
          </exception> <!-- org.testng.SkipException -->
          <reporter-output>
          </reporter-output>
        </test-method> <!-- registerationTest -->
      </class> <!-- allureReports.Tests -->
    </test> <!-- Test -->
  </suite> <!-- Suite -->
</testng-results>
